{
  "RSpec": {
    "coverage": {
      "/Users/jeantroiani/Desktop/readthis/config/environment.rb": [
        null,
        1,
        null,
        null,
        1
      ],
      "/Users/jeantroiani/Desktop/readthis/config/application.rb": [
        1,
        null,
        null,
        1,
        1,
        1,
        1,
        1,
        1,
        null,
        null,
        null,
        null,
        1,
        null,
        1,
        1,
        null,
        null,
        null,
        null,
        null,
        null,
        null,
        null,
        null,
        null,
        null,
        null,
        null
      ],
      "/Users/jeantroiani/Desktop/readthis/config/boot.rb": [
        null,
        1,
        null,
        1
      ],
      "/Users/jeantroiani/Desktop/readthis/config/environments/test.rb": [
        1,
        null,
        null,
        null,
        null,
        null,
        null,
        1,
        null,
        null,
        null,
        null,
        1,
        null,
        null,
        1,
        1,
        null,
        null,
        1,
        1,
        null,
        null,
        1,
        null,
        null,
        1,
        null,
        null,
        null,
        null,
        1,
        null,
        null,
        1,
        null,
        null,
        null,
        null
      ],
      "/Users/jeantroiani/Desktop/readthis/config/initializers/assets.rb": [
        null,
        null,
        null,
        1,
        null,
        null,
        null,
        null
      ],
      "/Users/jeantroiani/Desktop/readthis/config/initializers/backtrace_silencers.rb": [
        null,
        null,
        null,
        null,
        null,
        null,
        null
      ],
      "/Users/jeantroiani/Desktop/readthis/config/initializers/cookies_serializer.rb": [
        null,
        null,
        1
      ],
      "/Users/jeantroiani/Desktop/readthis/config/initializers/devise.rb": [
        null,
        null,
        1,
        null,
        null,
        null,
        null,
        null,
        null,
        null,
        null,
        null,
        1,
        null,
        null,
        null,
        null,
        null,
        null,
        null,
        null,
        1,
        null,
        null,
        null,
        null,
        null,
        null,
        null,
        null,
        null,
        null,
        null,
        null,
        null,
        null,
        null,
        null,
        null,
        null,
        null,
        null,
        null,
        1,
        null,
        null,
        null,
        null,
        1,
        null,
        null,
        null,
        null,
        null,
        null,
        null,
        null,
        null,
        null,
        null,
        null,
        null,
        null,
        null,
        null,
        null,
        null,
        null,
        null,
        null,
        null,
        null,
        null,
        null,
        null,
        null,
        null,
        null,
        null,
        1,
        null,
        null,
        null,
        null,
        null,
        null,
        null,
        null,
        null,
        null,
        null,
        null,
        null,
        null,
        null,
        null,
        1,
        null,
        null,
        null,
        null,
        null,
        null,
        null,
        null,
        null,
        null,
        null,
        null,
        null,
        null,
        null,
        null,
        null,
        null,
        null,
        null,
        null,
        null,
        null,
        null,
        1,
        null,
        null,
        null,
        null,
        null,
        null,
        null,
        null,
        null,
        1,
        null,
        null,
        null,
        null,
        null,
        null,
        null,
        null,
        null,
        null,
        1,
        null,
        null,
        null,
        null,
        null,
        null,
        null,
        null,
        null,
        null,
        null,
        null,
        null,
        null,
        null,
        null,
        null,
        null,
        null,
        null,
        null,
        null,
        null,
        null,
        null,
        null,
        null,
        null,
        null,
        null,
        null,
        null,
        null,
        null,
        null,
        null,
        null,
        null,
        null,
        null,
        null,
        null,
        null,
        null,
        null,
        null,
        null,
        null,
        1,
        null,
        null,
        null,
        null,
        null,
        null,
        null,
        null,
        null,
        null,
        null,
        null,
        null,
        null,
        null,
        null,
        null,
        null,
        null,
        null,
        null,
        null,
        null,
        null,
        null,
        null,
        null,
        null,
        null,
        null,
        null,
        null,
        null,
        null,
        null,
        null,
        null,
        1,
        null,
        null,
        null,
        null,
        null,
        null,
        null,
        null,
        null,
        null,
        null,
        null,
        null,
        null,
        null,
        null,
        null,
        null,
        null,
        null,
        null,
        null,
        null,
        null,
        null,
        null,
        null,
        null,
        null
      ],
      "/Users/jeantroiani/Desktop/readthis/config/initializers/filter_parameter_logging.rb": [
        null,
        null,
        null,
        1
      ],
      "/Users/jeantroiani/Desktop/readthis/config/initializers/inflections.rb": [
        null,
        null,
        null,
        null,
        null,
        null,
        null,
        null,
        null,
        null,
        null,
        null,
        null,
        null,
        null,
        null
      ],
      "/Users/jeantroiani/Desktop/readthis/config/initializers/mime_types.rb": [
        null,
        null,
        null,
        null
      ],
      "/Users/jeantroiani/Desktop/readthis/config/initializers/session_store.rb": [
        null,
        null,
        1
      ],
      "/Users/jeantroiani/Desktop/readthis/config/initializers/wrap_parameters.rb": [
        null,
        null,
        null,
        null,
        null,
        null,
        1,
        1,
        null,
        null,
        null,
        null,
        null,
        null
      ],
      "/Users/jeantroiani/Desktop/readthis/config/routes.rb": [
        null,
        1,
        null,
        1,
        1,
        1,
        1,
        1,
        null,
        1,
        null,
        null,
        null,
        null,
        null,
        1,
        null,
        null,
        null,
        null,
        null,
        null,
        null,
        null,
        null,
        null,
        null,
        null,
        null,
        null,
        null,
        null,
        null,
        null,
        null,
        null,
        null,
        null,
        null,
        null,
        null,
        null,
        null,
        null,
        null,
        null,
        null,
        null,
        null,
        null,
        null,
        null,
        null,
        null,
        null,
        null,
        null,
        null,
        null,
        null,
        null,
        null,
        null,
        null,
        null,
        null
      ],
      "/Users/jeantroiani/Desktop/readthis/app/models/user.rb": [
        1,
        1,
        1,
        1,
        null,
        null,
        1,
        null,
        null,
        null,
        null
      ],
      "/Users/jeantroiani/Desktop/readthis/app/helpers/application_helper.rb": [
        1,
        null
      ],
      "/Users/jeantroiani/Desktop/readthis/app/helpers/categories_helper.rb": [
        1,
        null
      ],
      "/Users/jeantroiani/Desktop/readthis/app/helpers/comments_helper.rb": [
        1,
        null
      ],
      "/Users/jeantroiani/Desktop/readthis/app/helpers/dislikes_helper.rb": [
        1,
        null
      ],
      "/Users/jeantroiani/Desktop/readthis/app/helpers/likes_helper.rb": [
        1,
        null
      ],
      "/Users/jeantroiani/Desktop/readthis/app/helpers/posts_helper.rb": [
        1,
        null
      ],
      "/Users/jeantroiani/Desktop/readthis/app/controllers/categories_controller.rb": [
        1,
        1,
        2,
        null,
        null,
        1,
        3,
        null,
        null,
        null,
        1,
        4,
        null,
        null,
        null,
        null
      ],
      "/Users/jeantroiani/Desktop/readthis/app/controllers/application_controller.rb": [
        1,
        null,
        null,
        1,
        null
      ],
      "/Users/jeantroiani/Desktop/readthis/app/controllers/comments_controller.rb": [
        1,
        null,
        1,
        6,
        6,
        null,
        null,
        1,
        1,
        1,
        1,
        null,
        null,
        null
      ],
      "/Users/jeantroiani/Desktop/readthis/app/controllers/dislikes_controller.rb": [
        1,
        null,
        1,
        3,
        3,
        1,
        1,
        null,
        2,
        2,
        null,
        null,
        null,
        null
      ],
      "/Users/jeantroiani/Desktop/readthis/app/controllers/likes_controller.rb": [
        1,
        null,
        1,
        5,
        5,
        5,
        5,
        null,
        0,
        0,
        null,
        null,
        null,
        null
      ],
      "/Users/jeantroiani/Desktop/readthis/app/controllers/posts_controller.rb": [
        1,
        null,
        1,
        null,
        1,
        58,
        2,
        null,
        56,
        null,
        58,
        null,
        null,
        1,
        10,
        10,
        null,
        null,
        1,
        9,
        9,
        9,
        9,
        null,
        null,
        1,
        2,
        null,
        null,
        1,
        1,
        1,
        1,
        1,
        1,
        1,
        1,
        null,
        0,
        0,
        null,
        null,
        null,
        1,
        2,
        2,
        1,
        1,
        1,
        null,
        1,
        1,
        null,
        null,
        null,
        null,
        null,
        null,
        1,
        2,
        null,
        null,
        1,
        0,
        null,
        null
      ],
      "/Users/jeantroiani/Desktop/readthis/app/models/category.rb": [
        1,
        1,
        null,
        1,
        0,
        null,
        null,
        null
      ],
      "/Users/jeantroiani/Desktop/readthis/app/models/comment.rb": [
        1,
        1,
        null
      ],
      "/Users/jeantroiani/Desktop/readthis/app/models/dislike.rb": [
        1,
        1,
        null
      ],
      "/Users/jeantroiani/Desktop/readthis/app/models/like.rb": [
        1,
        1,
        1,
        null
      ],
      "/Users/jeantroiani/Desktop/readthis/app/models/post.rb": [
        1,
        1,
        null,
        1,
        1,
        1,
        1,
        1,
        null,
        1,
        55,
        null,
        null,
        1,
        7,
        null,
        null,
        1,
        3,
        null,
        null,
        1,
        6,
        null,
        null,
        null
      ]
    },
    "timestamp": 1410714963
  }
}
